<?xml version="1.0" encoding="UTF-8"?>
<testng-results total="1" passed="1" failed="0" skipped="0">
  <reporter-output>
  </reporter-output>
  <suite started-at="2023-08-09T04:50:54Z" name="Suite" finished-at="2023-08-09T04:51:09Z" duration-ms="14715">
    <groups>
    </groups>
    <test started-at="2023-08-09T04:50:54Z" name="Test" finished-at="2023-08-09T04:51:09Z" duration-ms="14715">
      <class name="mobile.Calculator.TrialTestCase">
        <test-method is-config="true" signature="reportSetup()[pri:0, instance:mobile.Calculator.TrialTestCase@4e7912d8]" started-at="2023-08-09T12:50:54Z" name="reportSetup" finished-at="2023-08-09T12:50:54Z" duration-ms="272" status="PASS">
          <reporter-output>
          </reporter-output>
        </test-method> <!-- reportSetup -->
        <test-method is-config="true" signature="setAppCapabilitiesAndroid()[pri:0, instance:mobile.Calculator.TrialTestCase@4e7912d8]" started-at="2023-08-09T12:50:54Z" name="setAppCapabilitiesAndroid" finished-at="2023-08-09T12:50:54Z" duration-ms="1" status="PASS">
          <reporter-output>
          </reporter-output>
        </test-method> <!-- setAppCapabilitiesAndroid -->
        <test-method signature="sampleTest()[pri:0, instance:mobile.Calculator.TrialTestCase@4e7912d8]" started-at="2023-08-09T12:50:54Z" name="sampleTest" finished-at="2023-08-09T12:51:08Z" duration-ms="14448" status="PASS">
          <reporter-output>
          </reporter-output>
        </test-method> <!-- sampleTest -->
        <test-method is-config="true" signature="tearDown()[pri:0, instance:mobile.Calculator.TrialTestCase@4e7912d8]" started-at="2023-08-09T12:51:08Z" name="tearDown" finished-at="2023-08-09T12:51:09Z" duration-ms="259" status="PASS">
          <reporter-output>
          </reporter-output>
        </test-method> <!-- tearDown -->
        <test-method is-config="true" signature="reportTeardown()[pri:0, instance:mobile.Calculator.TrialTestCase@4e7912d8]" started-at="2023-08-09T12:51:09Z" name="reportTeardown" finished-at="2023-08-09T12:51:09Z" duration-ms="256" status="PASS">
          <reporter-output>
          </reporter-output>
        </test-method> <!-- reportTeardown -->
      </class> <!-- mobile.Calculator.TrialTestCase -->
    </test> <!-- Test -->
  </suite> <!-- Suite -->
</testng-results>
